This is pdfTeX, Version 3.14159265-2.6-1.40.16 (TeX Live 2015) (preloaded format=pdflatex 2016.3.9)  20 MAR 2016 19:41
entering extended mode
 restricted \write18 enabled.
 %&-line parsing enabled.
**documentation_compile.tex
(./documentation_compile.tex
LaTeX2e <2016/02/01>
Babel <3.9q> and hyphenation patterns for 81 language(s) loaded.
(/usr/local/texlive/2014/texmf-dist/tex/latex/base/article.cls
Document Class: article 2014/09/29 v1.4h Standard LaTeX document class
(/usr/local/texlive/2014/texmf-dist/tex/latex/base/size12.clo
File: size12.clo 2014/09/29 v1.4h Standard LaTeX file (size option)
)
\c@part=\count79
\c@section=\count80
\c@subsection=\count81
\c@subsubsection=\count82
\c@paragraph=\count83
\c@subparagraph=\count84
\c@figure=\count85
\c@table=\count86
\abovecaptionskip=\skip41
\belowcaptionskip=\skip42
\bibindent=\dimen102
)
(/usr/local/texlive/2014/texmf-dist/tex/generic/babel/babel.sty
Package: babel 2016/02/24 3.9q The Babel package

(/usr/local/texlive/2014/texmf-dist/tex/generic/babel-english/english.ldf
Language: english 2012/08/20 v3.3p English support from the babel system

(/usr/local/texlive/2014/texmf-dist/tex/generic/babel/babel.def
File: babel.def 2016/02/24 3.9q Babel common definitions
\babel@savecnt=\count87
\U@D=\dimen103
)
\l@canadian = a dialect from \language\l@american 
\l@australian = a dialect from \language\l@british 
\l@newzealand = a dialect from \language\l@british 
))
(/usr/local/texlive/2014/texmf-dist/tex/latex/dejavu/DejaVuSansMono.sty
Package: DejaVuSansMono 2011/06/01 Style file for DejaVuSansMono.

(/usr/local/texlive/2014/texmf-dist/tex/latex/graphics/keyval.sty
Package: keyval 2014/10/28 v1.15 key=value parser (DPC)
\KV@toks@=\toks14
))
(/usr/local/texlive/2014/texmf-dist/tex/latex/listings/listings.sty
\lst@mode=\count88
\lst@gtempboxa=\box26
\lst@token=\toks15
\lst@length=\count89
\lst@currlwidth=\dimen104
\lst@column=\count90
\lst@pos=\count91
\lst@lostspace=\dimen105
\lst@width=\dimen106
\lst@newlines=\count92
\lst@lineno=\count93
\lst@maxwidth=\dimen107

(/usr/local/texlive/2014/texmf-dist/tex/latex/listings/lstmisc.sty
File: lstmisc.sty 2015/06/04 1.6 (Carsten Heinz)
\c@lstnumber=\count94
\lst@skipnumbers=\count95
\lst@framebox=\box27
)
(/usr/local/texlive/2014/texmf-dist/tex/latex/listings/listings.cfg
File: listings.cfg 2015/06/04 1.6 listings configuration
))
Package: listings 2015/06/04 1.6 (Carsten Heinz)

(/usr/local/texlive/2014/texmf-dist/tex/latex/easylist/easylist.sty
Package: easylist 2014/01/11 v.1.4 Numbered items with a single command.
\el@CounterTotal=\count96
\el@Scratch=\count97
\el@ControlCounter=\count98
\el@CounterLevel=\count99
\c@List1=\count100
\c@List2=\count101
\c@List3=\count102
\c@List4=\count103
\c@List5=\count104
\c@List6=\count105
\c@List7=\count106
\c@List8=\count107
\c@List9=\count108
\c@List10=\count109
\el@ProgressiveDimension=\dimen108
\el@CounterBox=\box28
\el@ControlBox=\box29
\el@TotalMargin=\dimen109
\el@LeftMove=\dimen110
)
(/usr/local/texlive/2014/texmf-dist/tex/latex/graphics/color.sty
Package: color 2016/01/03 v1.1b Standard LaTeX Color (DPC)

(/usr/local/texlive/2014/texmf-dist/tex/latex/latexconfig/color.cfg
File: color.cfg 2007/01/18 v1.5 color configuration of teTeX/TeXLive
)
Package color Info: Driver file: pdftex.def on input line 143.

(/usr/local/texlive/2014/texmf-dist/tex/latex/pdftex-def/pdftex.def
File: pdftex.def 2011/05/27 v0.06d Graphics/color for pdfTeX

(/usr/local/texlive/2014/texmf-dist/tex/generic/oberdiek/infwarerr.sty
Package: infwarerr 2010/04/08 v1.3 Providing info/warning/error messages (HO)
)
(/usr/local/texlive/2014/texmf-dist/tex/generic/oberdiek/ltxcmds.sty
Package: ltxcmds 2011/11/09 v1.22 LaTeX kernel commands for general use (HO)
)
\Gread@gobject=\count110
)
(/usr/local/texlive/2014/texmf-dist/tex/latex/graphics/dvipsnam.def
File: dvipsnam.def 2015/12/30 v3.0k Driver-dependent file (DPC,SPQR)
))
No file documentation_compile.aux.
\openout1 = `documentation_compile.aux'.

LaTeX Font Info:    Checking defaults for OML/cmm/m/it on input line 85.
LaTeX Font Info:    ... okay on input line 85.
LaTeX Font Info:    Checking defaults for T1/cmr/m/n on input line 85.
LaTeX Font Info:    ... okay on input line 85.
LaTeX Font Info:    Checking defaults for OT1/cmr/m/n on input line 85.
LaTeX Font Info:    ... okay on input line 85.
LaTeX Font Info:    Checking defaults for OMS/cmsy/m/n on input line 85.
LaTeX Font Info:    ... okay on input line 85.
LaTeX Font Info:    Checking defaults for OMX/cmex/m/n on input line 85.
LaTeX Font Info:    ... okay on input line 85.
LaTeX Font Info:    Checking defaults for U/cmr/m/n on input line 85.
LaTeX Font Info:    ... okay on input line 85.
\c@lstlisting=\count111
(/usr/local/texlive/2014/texmf-dist/tex/context/base/supp-pdf.mkii
[Loading MPS to PDF converter (version 2006.09.02).]
\scratchcounter=\count112
\scratchdimen=\dimen111
\scratchbox=\box30
\nofMPsegments=\count113
\nofMParguments=\count114
\everyMPshowfont=\toks16
\MPscratchCnt=\count115
\MPscratchDim=\dimen112
\MPnumerator=\count116
\makeMPintoPDFobject=\count117
\everyMPtoPDFconversion=\toks17
)
LaTeX Font Info:    External font `cmex10' loaded for size
(Font)              <14.4> on input line 87.
LaTeX Font Info:    External font `cmex10' loaded for size
(Font)              <7> on input line 87.
 (./documentation_content.tex
LaTeX Font Info:    External font `cmex10' loaded for size
(Font)              <12> on input line 11.
LaTeX Font Info:    External font `cmex10' loaded for size
(Font)              <8> on input line 11.
LaTeX Font Info:    External font `cmex10' loaded for size
(Font)              <6> on input line 11.
LaTeX Font Info:    Try loading font information for OT1+DejaVuSansMono-TLF on 
input line 12.

(/usr/local/texlive/2014/texmf-dist/tex/latex/dejavu/OT1DejaVuSansMono-TLF.fd
File: OT1DejaVuSansMono-TLF.fd 2011/06/01 Font definitions for OT1/DejaVuSansMo
no-TLF.
)
LaTeX Font Info:    Font shape `OT1/DejaVuSansMono-TLF/m/n' will be
(Font)              scaled to size 9.89996pt on input line 12.
LaTeX Font Info:    Font shape `OT1/DejaVuSansMono-TLF/m/it' will be
(Font)              scaled to size 9.89996pt on input line 12.
LaTeX Font Info:    Font shape `OT1/DejaVuSansMono-TLF/bx/it' in size <12> not 
available
(Font)              Font shape `OT1/DejaVuSansMono-TLF/b/it' tried instead on i
nput line 12.
LaTeX Font Info:    Font shape `OT1/DejaVuSansMono-TLF/b/it' will be
(Font)              scaled to size 9.89996pt on input line 12.
LaTeX Font Info:    Font shape `OT1/DejaVuSansMono-TLF/bx/n' in size <12> not a
vailable
(Font)              Font shape `OT1/DejaVuSansMono-TLF/b/n' tried instead on in
put line 14.
LaTeX Font Info:    Font shape `OT1/DejaVuSansMono-TLF/b/n' will be
(Font)              scaled to size 9.89996pt on input line 14.

[1

{/usr/local/texlive/2014/texmf-var/fonts/map/pdftex/updmap/pdftex.map}]
Overfull \hbox (25.51274pt too wide) in paragraph at lines 31--34
\OT1/DejaVuSansMono-TLF/m/n/12 LIG \OT1/cmr/m/n/12 be-ing ex-actly the same as 
in \OT1/DejaVuSansMono-TLF/m/n/12 ligset-s/LIGSET/LIGSET[]list.txt\OT1/cmr/m/n/
12 )
 []

(/usr/local/texlive/2014/texmf-dist/tex/latex/listings/lstlang1.sty
File: lstlang1.sty 2015/06/04 1.6 listings language file
)
(/usr/local/texlive/2014/texmf-dist/tex/latex/listings/lstlang1.sty
File: lstlang1.sty 2015/06/04 1.6 listings language file
)
Overfull \hbox (7.37674pt too wide) in paragraph at lines 36--40
[][][][][][][][][][][][][][][][][][][][][][][][][][][][][][][][][][][][][][][][
][][][][][][][][][]
 []


Overfull \hbox (7.37674pt too wide) in paragraph at lines 36--40
[][][][][][][][][][][][][][][][][][][][][][][][][][][][][][][][][][][][][][][][
][][][][][][][]
 []


Overfull \hbox (22.077pt too wide) in paragraph at lines 40--43
[] []\OT1/cmr/m/n/12 [optional/preliminary] \OT1/DejaVuSansMono-TLF/m/n/12 ligs
et-s/LIGSET/LIGSET.cdxml/ \OT1/cmr/m/n/12 or \OT1/DejaVuSansMono-TLF/m/n/12 lig
set-
 []


Overfull \hbox (4.33247pt too wide) in paragraph at lines 43--47
[] []\OT1/cmr/m/n/12 [optional/preliminary] \OT1/DejaVuSansMono-TLF/m/n/12 /mol
s/ \OT1/cmr/m/n/12 and \OT1/DejaVuSansMono-TLF/m/n/12 ligset-s/LIGSET/pdbs/ \OT
1/cmr/m/n/12 {  di-
 []


Overfull \hbox (9.01508pt too wide) in paragraph at lines 47--50
\OT1/cmr/m/n/12 scripts, at least as of now). Gen-er-ated by \OT1/DejaVuSansMon
o-TLF/m/n/12 script-s/write[]params[]csv.R
 []


Overfull \hbox (14.09586pt too wide) in paragraph at lines 50--52
[] []\OT1/cmr/m/n/12 They will be named  []
 []


Overfull \hbox (3.99126pt too wide) in paragraph at lines 52--54
\OT1/cmr/m/n/12 Vina jobs on the (Wes-leyan) clus-ter. Gen-er-ated by \OT1/Deja
VuSansMono-TLF/m/n/12 write[]vina[]submit
 []

[2]
Overfull \hbox (69.48636pt too wide) in paragraph at lines 57--70
\OT1/cmr/m/n/12 tain-ing \OT1/cmr/m/it/12 n \OT1/cmr/m/n/12 scripts  [] ,  []
 []


LaTeX Warning: Command \r invalid in math mode on input line 88.


Overfull \hbox (22.24448pt too wide) in paragraph at lines 84--90
\OT1/cmr/m/n/12 There must be one or more \OT1/DejaVuSansMono-TLF/m/n/12 PRO-T/
bind-ing[]sites/BINDING[]SITE.pdb
 []

[3]
Overfull \hbox (41.55537pt too wide) in paragraph at lines 93--94
[] [][]  \OT1/cmr/m/n/12 {  loads pa-ram-e-ters from \OT1/DejaVuSansMono-TLF/m/
n/12 DOCK-ING[]parameters.csv
 []


Overfull \hbox (8.8139pt too wide) in paragraph at lines 94--101
[] [][]  \OT1/cmr/m/n/12 {  runs Vina re-sult PDBQTs through
 []


Overfull \hbox (2.10338pt too wide) in paragraph at lines 94--101
\OT1/cmr/m/n/12 tacts. The re-sult-ing files ended up in \OT1/DejaVuSansMono-TL
F/m/n/12 DOCK-ING/pro-cessed[]pdbqts/\OT1/cmr/m/n/12 ,
 []


Overfull \hbox (28.48436pt too wide) in paragraph at lines 101--103
\OT1/cmr/m/n/12 PDBQTs (\OT1/DejaVuSansMono-TLF/m/n/12 DOCKING/processed[]pdbqt
s/DOCKING[]LIGAND[]mMODEL.pdbqt\OT1/cmr/m/n/12 )
 []


Overfull \hbox (50.31769pt too wide) in paragraph at lines 101--103
\OT1/cmr/m/n/12 and con-verts then to PDBs us-ing the AutoDock-Tools script \OT
1/DejaVuSansMono-TLF/m/n/12 pdbqt[]to[]pdb.py 
 []

[4]
Overfull \hbox (4.39864pt too wide) in paragraph at lines 123--125
[] []\OT1/cmr/m/n/12 (\OT1/DejaVuSansMono-TLF/m/n/12 aiad[]icpd[]binding[]sites
\OT1/cmr/m/n/12 ) {  cal-cu-lates AIAD and ICPD scores
 []


Overfull \hbox (7.19838pt too wide) in paragraph at lines 127--130
[] []\OT1/DejaVuSansMono-TLF/m/n/12 cluster[]poses \OT1/cmr/m/n/12 [\OT1/DejaVu
SansMono-TLF/m/n/12 prepare[]clustering[]csv.py\OT1/cmr/m/n/12 ] {  cal-cu-late
s AIAD
 []

LaTeX Font Info:    Font shape `OT1/DejaVuSansMono-TLF/m/n' will be
(Font)              scaled to size 8.24997pt on input line 149.
LaTeX Font Info:    Font shape `OT1/DejaVuSansMono-TLF/bx/n' in size <10> not a
vailable
(Font)              Font shape `OT1/DejaVuSansMono-TLF/b/n' tried instead on in
put line 158.
LaTeX Font Info:    Font shape `OT1/DejaVuSansMono-TLF/b/n' will be
(Font)              scaled to size 8.24997pt on input line 158.
[5] [6] [7]
LaTeX Font Info:    External font `cmex10' loaded for size
(Font)              <5> on input line 286.

Underfull \hbox (badness 10000) in paragraph at lines 289--289
[]\OT1/cmr/bx/n/8 Docking
 []


Underfull \hbox (badness 10000) in paragraph at lines 289--289
[]\OT1/cmr/bx/n/8 Grid
 []


Underfull \hbox (badness 10000) in paragraph at lines 289--289
[]\OT1/cmr/bx/n/8 Exhaust-
 []


Underfull \hbox (badness 10000) in paragraph at lines 289--289
[]\OT1/cmr/bx/n/8 Number
 []


Underfull \hbox (badness 10000) in paragraph at lines 289--289
[]\OT1/cmr/bx/n/8 Number
 []


Underfull \hbox (badness 10000) in paragraph at lines 292--293
[]\OT1/cmr/m/n/8 looking at
 []


Underfull \hbox (badness 10000) in paragraph at lines 292--293
\OT1/cmr/m/n/8 ac-tive size
 []


Underfull \hbox (badness 10000) in paragraph at lines 294--295
\OT1/cmr/m/n/8 dock-ing
 []


Underfull \hbox (badness 10000) in paragraph at lines 294--295
\OT1/cmr/m/n/8 of whole
 []


Overfull \hbox (29.13701pt too wide) in paragraph at lines 286--299
[][] 
 []


LaTeX Warning: `h' float specifier changed to `ht'.

[8]
Overfull \hbox (4.13264pt too wide) in paragraph at lines 317--317
[]\OT1/cmr/bx/n/8 Gridbox
 []


Underfull \hbox (badness 10000) in paragraph at lines 317--317
[]\OT1/cmr/bx/n/8 Box
 []


Underfull \hbox (badness 10000) in paragraph at lines 317--317